
> poker-trainer@0.1.0 dev
> next dev

▲ Next.js 16.1.6 (Turbopack)
- Local:         http://localhost:3000
- Network:       http://192.168.0.145:3000

✓ Starting...
✓ Ready in 663ms
 HEAD / 200 in 1775ms (compile: 1701ms, render: 74ms)
 GET / 200 in 37ms (compile: 9ms, render: 29ms)
 GET / 200 in 34ms (compile: 8ms, render: 26ms)
 GET / 200 in 43ms (compile: 11ms, render: 32ms)
 GET / 200 in 37ms (compile: 9ms, render: 28ms)
✓ Compiled in 142ms
✓ Compiled in 51ms
✓ Compiled in 45ms
✓ Compiled in 97ms
⚠ Fast Refresh had to perform a full reload due to a runtime error.
✓ Compiled in 80ms
 GET / 200 in 92ms (compile: 48ms, render: 44ms)
 GET / 200 in 46ms (compile: 11ms, render: 35ms)
✓ Compiled in 31ms
✓ Compiled in 79ms
 GET / 200 in 89ms (compile: 73ms, render: 16ms)
✓ Compiled in 36ms
✓ Compiled in 13ms
✓ Compiled in 30ms
✓ Compiled in 50ms
✓ Compiled in 16ms
✓ Compiled in 42ms
✓ Compiled in 23ms
✓ Compiled in 24ms
 GET / 200 in 105ms (compile: 43ms, render: 62ms)
 GET / 200 in 62ms (compile: 39ms, render: 22ms)
✓ Compiled in 26ms
✓ Compiled in 34ms
✓ Compiled in 14ms
